<?xml version="1.0" encoding="UTF-8"?>
<!-- Generated by org.testng.reporters.JUnitReportReporter -->
<testsuite hostname="Puneet-PC" failures="0" tests="1" name="Java.GoogleSearchTest" time="78.618" errors="0" timestamp="2019-09-28T22:32:32 IST" skipped="0">
  <testcase classname="Java.GoogleSearchTest" name="test1" time="78.618"/>
</testsuite> <!-- Java.GoogleSearchTest -->
